# JRE version: OpenJDK Runtime Environment Temurin-17.0.3+7 (17.0.3+7) (build 17.0.3+7)
# Java VM: OpenJDK 64-Bit Server VM Temurin-17.0.3+7 (17.0.3+7, mixed mode, tiered, compressed oops, compressed class ptrs, parallel gc, windows-amd64)
GC Precious Log:
 CPUs: 12 total, 12 available
 Memory: 32606M
 Large Page Support: Disabled
 NUMA Support: Disabled
 Compressed Oops: Enabled (32-bit)
 Alignments: Space 512K, Generation 512K, Heap 2M
 Heap Min Capacity: 100M
 Heap Initial Capacity: 100M
 Heap Max Capacity: 1G
 Pre-touch: Disabled
 Parallel Workers: 10
Heap:
 PSYoungGen      total 2048K, used 1050K [0x00000000eab00000, 0x00000000eae00000, 0x0000000100000000)
  eden space 1024K, 61% used [0x00000000eab00000,0x00000000eab9e9f8,0x00000000eac00000)
  from space 1024K, 40% used [0x00000000ead00000,0x00000000ead68000,0x00000000eae00000)
  to   space 1024K, 0% used [0x00000000eac00000,0x00000000eac00000,0x00000000ead00000)
 ParOldGen       total 79872K, used 63239K [0x00000000c0000000, 0x00000000c4e00000, 0x00000000eab00000)
  object space 79872K, 79% used [0x00000000c0000000,0x00000000c3dc1c18,0x00000000c4e00000)
 Metaspace       used 71592K, committed 72640K, reserved 1114112K
  class space    used 7633K, committed 8064K, reserved 1048576K
GC Heap History (20 events):
Event: 51.020 GC heap before
{Heap before GC invocations=614 (full 12):
 PSYoungGen      total 3584K, used 3360K [0x00000000eab00000, 0x00000000eb000000, 0x0000000100000000)
  eden space 2048K, 100% used [0x00000000eab00000,0x00000000ead00000,0x00000000ead00000)
  from space 1536K, 85% used [0x00000000eae80000,0x00000000eafc8000,0x00000000eb000000)
  to   space 1536K, 0% used [0x00000000ead00000,0x00000000ead00000,0x00000000eae80000)
 ParOldGen       total 79872K, used 59883K [0x00000000c0000000, 0x00000000c4e00000, 0x00000000eab00000)
  object space 79872K, 74% used [0x00000000c0000000,0x00000000c3a7ad48,0x00000000c4e00000)
 Metaspace       used 71356K, committed 72512K, reserved 1114112K
  class space    used 7592K, committed 8064K, reserved 1048576K
}
Event: 51.021 GC heap after
{Heap after GC invocations=614 (full 12):
 PSYoungGen      total 3584K, used 1280K [0x00000000eab00000, 0x00000000eb000000, 0x0000000100000000)
  eden space 2048K, 0% used [0x00000000eab00000,0x00000000eab00000,0x00000000ead00000)
  from space 1536K, 83% used [0x00000000ead00000,0x00000000eae40000,0x00000000eae80000)
  to   space 1536K, 0% used [0x00000000eae80000,0x00000000eae80000,0x00000000eb000000)
 ParOldGen       total 79872K, used 59891K [0x00000000c0000000, 0x00000000c4e00000, 0x00000000eab00000)
  object space 79872K, 74% used [0x00000000c0000000,0x00000000c3a7cd48,0x00000000c4e00000)
 Metaspace       used 71356K, committed 72512K, reserved 1114112K
  class space    used 7592K, committed 8064K, reserved 1048576K
}
Event: 51.031 GC heap before
{Heap before GC invocations=615 (full 12):
 PSYoungGen      total 3584K, used 3327K [0x00000000eab00000, 0x00000000eb000000, 0x0000000100000000)
  eden space 2048K, 99% used [0x00000000eab00000,0x00000000eacfffb8,0x00000000ead00000)
  from space 1536K, 83% used [0x00000000ead00000,0x00000000eae40000,0x00000000eae80000)
  to   space 1536K, 0% used [0x00000000eae80000,0x00000000eae80000,0x00000000eb000000)
 ParOldGen       total 79872K, used 59891K [0x00000000c0000000, 0x00000000c4e00000, 0x00000000eab00000)
  object space 79872K, 74% used [0x00000000c0000000,0x00000000c3a7cd48,0x00000000c4e00000)
 Metaspace       used 71450K, committed 72576K, reserved 1114112K
  class space    used 7602K, committed 8064K, reserved 1048576K
}
Event: 51.032 GC heap after
{Heap after GC invocations=615 (full 12):
 PSYoungGen      total 3072K, used 1504K [0x00000000eab00000, 0x00000000eb100000, 0x0000000100000000)
  eden space 1536K, 0% used [0x00000000eab00000,0x00000000eab00000,0x00000000eac80000)
  from space 1536K, 97% used [0x00000000eae80000,0x00000000eaff8148,0x00000000eb000000)
  to   space 2048K, 0% used [0x00000000eac80000,0x00000000eac80000,0x00000000eae80000)
 ParOldGen       total 79872K, used 60169K [0x00000000c0000000, 0x00000000c4e00000, 0x00000000eab00000)
  object space 79872K, 75% used [0x00000000c0000000,0x00000000c3ac2788,0x00000000c4e00000)
 Metaspace       used 71450K, committed 72576K, reserved 1114112K
  class space    used 7602K, committed 8064K, reserved 1048576K
}
Event: 51.038 GC heap before
{Heap before GC invocations=616 (full 12):
 PSYoungGen      total 3072K, used 3040K [0x00000000eab00000, 0x00000000eb100000, 0x0000000100000000)
  eden space 1536K, 100% used [0x00000000eab00000,0x00000000eac80000,0x00000000eac80000)
  from space 1536K, 97% used [0x00000000eae80000,0x00000000eaff8148,0x00000000eb000000)
  to   space 2048K, 0% used [0x00000000eac80000,0x00000000eac80000,0x00000000eae80000)
 ParOldGen       total 79872K, used 60169K [0x00000000c0000000, 0x00000000c4e00000, 0x00000000eab00000)
  object space 79872K, 75% used [0x00000000c0000000,0x00000000c3ac2788,0x00000000c4e00000)
 Metaspace       used 71451K, committed 72576K, reserved 1114112K
  class space    used 7602K, committed 8064K, reserved 1048576K
}
Event: 51.038 GC heap after
{Heap after GC invocations=616 (full 12):
 PSYoungGen      total 3072K, used 1296K [0x00000000eab00000, 0x00000000eaf80000, 0x0000000100000000)
  eden space 1536K, 0% used [0x00000000eab00000,0x00000000eab00000,0x00000000eac80000)
  from space 1536K, 84% used [0x00000000eac80000,0x00000000eadc4078,0x00000000eae00000)
  to   space 1536K, 0% used [0x00000000eae00000,0x00000000eae00000,0x00000000eaf80000)
 ParOldGen       total 79872K, used 60843K [0x00000000c0000000, 0x00000000c4e00000, 0x00000000eab00000)
  object space 79872K, 76% used [0x00000000c0000000,0x00000000c3b6ad48,0x00000000c4e00000)
 Metaspace       used 71451K, committed 72576K, reserved 1114112K
  class space    used 7602K, committed 8064K, reserved 1048576K
}
Event: 51.046 GC heap before
{Heap before GC invocations=617 (full 12):
 PSYoungGen      total 3072K, used 2832K [0x00000000eab00000, 0x00000000eaf80000, 0x0000000100000000)
  eden space 1536K, 100% used [0x00000000eab00000,0x00000000eac80000,0x00000000eac80000)
  from space 1536K, 84% used [0x00000000eac80000,0x00000000eadc4078,0x00000000eae00000)
  to   space 1536K, 0% used [0x00000000eae00000,0x00000000eae00000,0x00000000eaf80000)
 ParOldGen       total 79872K, used 60843K [0x00000000c0000000, 0x00000000c4e00000, 0x00000000eab00000)
  object space 79872K, 76% used [0x00000000c0000000,0x00000000c3b6ad48,0x00000000c4e00000)
 Metaspace       used 71452K, committed 72576K, reserved 1114112K
  class space    used 7602K, committed 8064K, reserved 1048576K
}
Event: 51.046 GC heap after
{Heap after GC invocations=617 (full 12):
 PSYoungGen      total 2560K, used 1519K [0x00000000eab00000, 0x00000000eb080000, 0x0000000100000000)
  eden space 1024K, 0% used [0x00000000eab00000,0x00000000eab00000,0x00000000eac00000)
  from space 1536K, 98% used [0x00000000eae00000,0x00000000eaf7be30,0x00000000eaf80000)
  to   space 2048K, 0% used [0x00000000eac00000,0x00000000eac00000,0x00000000eae00000)
 ParOldGen       total 79872K, used 60987K [0x00000000c0000000, 0x00000000c4e00000, 0x00000000eab00000)
  object space 79872K, 76% used [0x00000000c0000000,0x00000000c3b8ed48,0x00000000c4e00000)
 Metaspace       used 71452K, committed 72576K, reserved 1114112K
  class space    used 7602K, committed 8064K, reserved 1048576K
}
Event: 51.050 GC heap before
{Heap before GC invocations=618 (full 12):
 PSYoungGen      total 2560K, used 2543K [0x00000000eab00000, 0x00000000eb080000, 0x0000000100000000)
  eden space 1024K, 100% used [0x00000000eab00000,0x00000000eac00000,0x00000000eac00000)
  from space 1536K, 98% used [0x00000000eae00000,0x00000000eaf7be30,0x00000000eaf80000)
  to   space 2048K, 0% used [0x00000000eac00000,0x00000000eac00000,0x00000000eae00000)
 ParOldGen       total 79872K, used 60987K [0x00000000c0000000, 0x00000000c4e00000, 0x00000000eab00000)
  object space 79872K, 76% used [0x00000000c0000000,0x00000000c3b8ed48,0x00000000c4e00000)
 Metaspace       used 71452K, committed 72576K, reserved 1114112K
  class space    used 7602K, committed 8064K, reserved 1048576K
}
Event: 51.051 GC heap after
{Heap after GC invocations=618 (full 12):
 PSYoungGen      total 3072K, used 1794K [0x00000000eab00000, 0x00000000eb000000, 0x0000000100000000)
  eden space 1024K, 0% used [0x00000000eab00000,0x00000000eab00000,0x00000000eac00000)
  from space 2048K, 87% used [0x00000000eac00000,0x00000000eadc0898,0x00000000eae00000)
  to   space 2048K, 0% used [0x00000000eae00000,0x00000000eae00000,0x00000000eb000000)
 ParOldGen       total 79872K, used 61059K [0x00000000c0000000, 0x00000000c4e00000, 0x00000000eab00000)
  object space 79872K, 76% used [0x00000000c0000000,0x00000000c3ba0d48,0x00000000c4e00000)
 Metaspace       used 71452K, committed 72576K, reserved 1114112K
  class space    used 7602K, committed 8064K, reserved 1048576K
}
Event: 51.065 GC heap before
{Heap before GC invocations=619 (full 12):
 PSYoungGen      total 3072K, used 2818K [0x00000000eab00000, 0x00000000eb000000, 0x0000000100000000)
  eden space 1024K, 100% used [0x00000000eab00000,0x00000000eac00000,0x00000000eac00000)
  from space 2048K, 87% used [0x00000000eac00000,0x00000000eadc0898,0x00000000eae00000)
  to   space 2048K, 0% used [0x00000000eae00000,0x00000000eae00000,0x00000000eb000000)
 ParOldGen       total 79872K, used 61059K [0x00000000c0000000, 0x00000000c4e00000, 0x00000000eab00000)
  object space 79872K, 76% used [0x00000000c0000000,0x00000000c3ba0d48,0x00000000c4e00000)
 Metaspace       used 71540K, committed 72640K, reserved 1114112K
  class space    used 7627K, committed 8064K, reserved 1048576K
}
Event: 51.066 GC heap after
{Heap after GC invocations=619 (full 12):
 PSYoungGen      total 2560K, used 2032K [0x00000000eab00000, 0x00000000eb100000, 0x0000000100000000)
  eden space 512K, 0% used [0x00000000eab00000,0x00000000eab00000,0x00000000eab80000)
  from space 2048K, 99% used [0x00000000eae00000,0x00000000eaffc1d8,0x00000000eb000000)
  to   space 2560K, 0% used [0x00000000eab80000,0x00000000eab80000,0x00000000eae00000)
 ParOldGen       total 79872K, used 61154K [0x00000000c0000000, 0x00000000c4e00000, 0x00000000eab00000)
  object space 79872K, 76% used [0x00000000c0000000,0x00000000c3bb8a48,0x00000000c4e00000)
 Metaspace       used 71540K, committed 72640K, reserved 1114112K
  class space    used 7627K, committed 8064K, reserved 1048576K
}
Event: 51.071 GC heap before
{Heap before GC invocations=620 (full 12):
 PSYoungGen      total 2560K, used 2544K [0x00000000eab00000, 0x00000000eb100000, 0x0000000100000000)
  eden space 512K, 100% used [0x00000000eab00000,0x00000000eab80000,0x00000000eab80000)
  from space 2048K, 99% used [0x00000000eae00000,0x00000000eaffc1d8,0x00000000eb000000)
  to   space 2560K, 0% used [0x00000000eab80000,0x00000000eab80000,0x00000000eae00000)
 ParOldGen       total 79872K, used 61154K [0x00000000c0000000, 0x00000000c4e00000, 0x00000000eab00000)
  object space 79872K, 76% used [0x00000000c0000000,0x00000000c3bb8a48,0x00000000c4e00000)
 Metaspace       used 71564K, committed 72640K, reserved 1114112K
  class space    used 7630K, committed 8064K, reserved 1048576K
}
Event: 51.072 GC heap after
{Heap after GC invocations=620 (full 12):
 PSYoungGen      total 3072K, used 2050K [0x00000000eab00000, 0x00000000eb080000, 0x0000000100000000)
  eden space 512K, 0% used [0x00000000eab00000,0x00000000eab00000,0x00000000eab80000)
  from space 2560K, 80% used [0x00000000eab80000,0x00000000ead808b0,0x00000000eae00000)
  to   space 2560K, 0% used [0x00000000eae00000,0x00000000eae00000,0x00000000eb080000)
 ParOldGen       total 79872K, used 61346K [0x00000000c0000000, 0x00000000c4e00000, 0x00000000eab00000)
  object space 79872K, 76% used [0x00000000c0000000,0x00000000c3be8a48,0x00000000c4e00000)
 Metaspace       used 71564K, committed 72640K, reserved 1114112K
  class space    used 7630K, committed 8064K, reserved 1048576K
}
Event: 51.074 GC heap before
{Heap before GC invocations=621 (full 12):
 PSYoungGen      total 3072K, used 2562K [0x00000000eab00000, 0x00000000eb080000, 0x0000000100000000)
  eden space 512K, 100% used [0x00000000eab00000,0x00000000eab80000,0x00000000eab80000)
  from space 2560K, 80% used [0x00000000eab80000,0x00000000ead808b0,0x00000000eae00000)
  to   space 2560K, 0% used [0x00000000eae00000,0x00000000eae00000,0x00000000eb080000)
 ParOldGen       total 79872K, used 61346K [0x00000000c0000000, 0x00000000c4e00000, 0x00000000eab00000)
  object space 79872K, 76% used [0x00000000c0000000,0x00000000c3be8a48,0x00000000c4e00000)
 Metaspace       used 71568K, committed 72640K, reserved 1114112K
  class space    used 7630K, committed 8064K, reserved 1048576K
}
Event: 51.075 GC heap after
{Heap after GC invocations=621 (full 12):
 PSYoungGen      total 2560K, used 1657K [0x00000000eab00000, 0x00000000eb000000, 0x0000000100000000)
  eden space 512K, 0% used [0x00000000eab00000,0x00000000eab00000,0x00000000eab80000)
  from space 2048K, 80% used [0x00000000eae00000,0x00000000eaf9e4e0,0x00000000eb000000)
  to   space 2048K, 0% used [0x00000000eac00000,0x00000000eac00000,0x00000000eae00000)
 ParOldGen       total 79872K, used 61932K [0x00000000c0000000, 0x00000000c4e00000, 0x00000000eab00000)
  object space 79872K, 77% used [0x00000000c0000000,0x00000000c3c7b250,0x00000000c4e00000)
 Metaspace       used 71568K, committed 72640K, reserved 1114112K
  class space    used 7630K, committed 8064K, reserved 1048576K
}
Event: 51.076 GC heap before
{Heap before GC invocations=622 (full 12):
 PSYoungGen      total 2560K, used 2169K [0x00000000eab00000, 0x00000000eb000000, 0x0000000100000000)
  eden space 512K, 100% used [0x00000000eab00000,0x00000000eab80000,0x00000000eab80000)
  from space 2048K, 80% used [0x00000000eae00000,0x00000000eaf9e4e0,0x00000000eb000000)
  to   space 2048K, 0% used [0x00000000eac00000,0x00000000eac00000,0x00000000eae00000)
 ParOldGen       total 79872K, used 61932K [0x00000000c0000000, 0x00000000c4e00000, 0x00000000eab00000)
  object space 79872K, 77% used [0x00000000c0000000,0x00000000c3c7b250,0x00000000c4e00000)
 Metaspace       used 71568K, committed 72640K, reserved 1114112K
  class space    used 7630K, committed 8064K, reserved 1048576K
}
Event: 51.077 GC heap after
{Heap after GC invocations=622 (full 12):
 PSYoungGen      total 1536K, used 896K [0x00000000eab00000, 0x00000000eae80000, 0x0000000100000000)
  eden space 512K, 0% used [0x00000000eab00000,0x00000000eab00000,0x00000000eab80000)
  from space 1024K, 87% used [0x00000000eac00000,0x00000000eace0078,0x00000000ead00000)
  to   space 1536K, 0% used [0x00000000ead00000,0x00000000ead00000,0x00000000eae80000)
 ParOldGen       total 79872K, used 62704K [0x00000000c0000000, 0x00000000c4e00000, 0x00000000eab00000)
  object space 79872K, 78% used [0x00000000c0000000,0x00000000c3d3c068,0x00000000c4e00000)
 Metaspace       used 71568K, committed 72640K, reserved 1114112K
  class space    used 7630K, committed 8064K, reserved 1048576K
}
Event: 51.078 GC heap before
{Heap before GC invocations=623 (full 12):
 PSYoungGen      total 1536K, used 1408K [0x00000000eab00000, 0x00000000eae80000, 0x0000000100000000)
  eden space 512K, 100% used [0x00000000eab00000,0x00000000eab80000,0x00000000eab80000)
  from space 1024K, 87% used [0x00000000eac00000,0x00000000eace0078,0x00000000ead00000)
  to   space 1536K, 0% used [0x00000000ead00000,0x00000000ead00000,0x00000000eae80000)
 ParOldGen       total 79872K, used 62704K [0x00000000c0000000, 0x00000000c4e00000, 0x00000000eab00000)
  object space 79872K, 78% used [0x00000000c0000000,0x00000000c3d3c068,0x00000000c4e00000)
 Metaspace       used 71568K, committed 72640K, reserved 1114112K
  class space    used 7630K, committed 8064K, reserved 1048576K
}
Event: 51.078 GC heap after
{Heap after GC invocations=623 (full 12):
 PSYoungGen      total 2048K, used 416K [0x00000000eab00000, 0x00000000eae00000, 0x0000000100000000)
  eden space 1024K, 0% used [0x00000000eab00000,0x00000000eab00000,0x00000000eac00000)
  from space 1024K, 40% used [0x00000000ead00000,0x00000000ead68000,0x00000000eae00000)
  to   space 1024K, 0% used [0x00000000eac00000,0x00000000eac00000,0x00000000ead00000)
 ParOldGen       total 79872K, used 63239K [0x00000000c0000000, 0x00000000c4e00000, 0x00000000eab00000)
  object space 79872K, 79% used [0x00000000c0000000,0x00000000c3dc1c18,0x00000000c4e00000)
 Metaspace       used 71568K, committed 72640K, reserved 1114112K
  class space    used 7630K, committed 8064K, reserved 1048576K
}

